### Custom WaveView ADV log file, revision L-2016.06-SP2-1 (build Jan 11, ) ###
### created at 15:41:16 on Wed May  4 2022 (Linux AMD64) ###
### Host Name: engnx05a.utdallas.edu   User ID: ixm210022   PID: 23970   ###
wv_start_log
# (0) running in waveview only mode
# (0) SW_SX_PERL_LIB defined
# (0) SW_SX_TCL_LIB defined
# (0) HOME defined
wv_move_window CustomWaveView 0 0
wv_resize_window CustomWaveView 800 400
wv_move_window CustomWaveView 1 30
wv_resize_window CustomWaveView 1276 593
wv_move_window CustomWaveView 0 64
wv_resize_window CustomWaveView 800 400
wv_move_window CustomWaveView -9 19
wv_resize_window CustomWaveView 1276 593
wv_close_window CustomWaveView
wv_move_dialog Confirmation 547 276
wv_select_dialog Confirmation
# wv_press_button Confirmation.Ok
