### Custom WaveView ADV log file, revision L-2016.06-SP2-1 (build Jan 11, ) ###
### created at 16:36:46 on Wed May  4 2022 (Linux AMD64) ###
### Host Name: engnx05a.utdallas.edu   User ID: ixm210022   PID: 23764   ###
wv_start_log
# (0) running in waveview only mode
# (0) SW_SX_PERL_LIB defined
# (0) SW_SX_TCL_LIB defined
# (0) HOME defined
wv_move_window CustomWaveView 0 0
wv_resize_window CustomWaveView 800 400
wv_move_window CustomWaveView -10 19
wv_move_window CustomWaveView -9 -15
wv_resize_window CustomWaveView 1276 593
wv_move_window CustomWaveView -9 19
wv_select_toolbar_item {Import Waveform File}
wv_move_dialog FileDialog 434 29
wv_select_dialog FileDialog
wv_set_text FileDialog.FileName {}
wv_select_list_item FileDialog.FileList fsm.tr0
wv_dclick_list_item FileDialog.FileList fsm.tr0
wv_select_tree_item MainWindow.hierview {D0:fsm.tr0}
wv_dclick_tree_item MainWindow.hierview {D0:fsm.tr0}
wv_select_tree_item MainWindow.hierview {D0:fsm.tr0}
wv_select_tree_item MainWindow.hierview {D0:fsm.tr0/toplevel}
wv_dclick_tree_item MainWindow.hierview {D0:fsm.tr0/toplevel}
wv_select_tree_item MainWindow.hierview {D0:fsm.tr0/toplevel}
wv_select_list_item MainWindow.sigview v(in)
wv_select_list_item MainWindow.sigview v(clk)
wv_dclick_list_item MainWindow.sigview v(clk)
wv_select_list_item MainWindow.sigview v(in)
wv_dclick_list_item MainWindow.sigview v(in)
wv_select_list_item MainWindow.sigview v(in_ready)
wv_dclick_list_item MainWindow.sigview v(in_ready)
wv_select_list_item MainWindow.sigview v(out_ready)
wv_dclick_list_item MainWindow.sigview v(out_ready)
wv_select_toolbar_item {Print}
wv_select_dialog PrintSetup
wv_set_check PrintSetup.PrintToFile 1
wv_press_button PrintSetup.PathBrowser
wv_move_dialog FileDialog 434 187
wv_select_dialog FileDialog
wv_set_text FileDialog.FileName {}
wv_press_button FileDialog.Up
wv_press_button FileDialog.Up
wv_set_text FileDialog.FileName {1}
wv_press_button FileDialog.Ok
wv_select_dialog PrintSetup
wv_press_button PrintSetup.Print
wv_close_window CustomWaveView
wv_move_dialog Confirmation 547 276
wv_select_dialog Confirmation
# wv_press_button Confirmation.Ok
